<?xml version="1.0" encoding="UTF-8"?>
<testsuite xmlns:xsi="http://www.w3.org/2001/XMLSchema-instance" xsi:noNamespaceSchemaLocation="https://maven.apache.org/surefire/maven-surefire-plugin/xsd/surefire-test-report-3.0.xsd" version="3.0" name="com.fusion.facade.RunCucumberTest" time="0.068" tests="4" errors="0" skipped="0" failures="0">
  <properties>
[...]
</properties>
  <testcase name="Déployer un héros sur une mission motorisée" classname="Fusion des univers Super Hero et Vehicule Magique" time="0.032">
    <system-out><![CDATA[
Scenario: Déployer un héros sur une mission motorisée                                &amp#27;[90m# features/FusionFacade.feature:10&amp#27;[0m
  &amp#27;[32mGiven &amp#27;[0m&amp#27;[32mun super héros &amp#27;[0m&amp#27;[32m&amp#27;[1m"Batman"&amp#27;[0m&amp#27;[32m avec le pouvoir &amp#27;[0m&amp#27;[32m&amp#27;[1m"protège Gotham"&amp#27;[0m&amp#27;[32m dans l'univers &amp#27;[0m&amp#27;[32m&amp#27;[1m"DC"&amp#27;[0m &amp#27;[90m# com.fusion.facade.steps.FusionSteps.creerHero(java.lang.String,java.lang.String,java.lang.String)&amp#27;[0m
  &amp#27;[32mAnd &amp#27;[0m&amp#27;[32mun véhicule magique immatriculé &amp#27;[0m&amp#27;[32m&amp#27;[1m"BAT-001"&amp#27;[0m                                      &amp#27;[90m# com.fusion.facade.steps.FusionSteps.creerVehicule(java.lang.String)&amp#27;[0m
  &amp#27;[32mWhen &amp#27;[0m&amp#27;[32mj'associe le héros au véhicule via la façade&amp#27;[0m                                  &amp#27;[90m# com.fusion.facade.steps.FusionSteps.associerAvecFacade()&amp#27;[0m
  &amp#27;[32mAnd &amp#27;[0m&amp#27;[32mj'enregistre une mission de &amp#27;[0m&amp#27;[32m&amp#27;[1m200&amp#27;[0m&amp#27;[32m km&amp#27;[0m                                             &amp#27;[90m# com.fusion.facade.steps.FusionSteps.enregistrerMission(int)&amp#27;[0m
  &amp#27;[32mThen &amp#27;[0m&amp#27;[32mle kilométrage du véhicule vaut &amp#27;[0m&amp#27;[32m&amp#27;[1m200&amp#27;[0m                                           &amp#27;[90m# com.fusion.facade.steps.FusionSteps.verifierKilometrage(int)&amp#27;[0m
  &amp#27;[32mAnd &amp#27;[0m&amp#27;[32mle coût d'assurance estimé est &amp#27;[0m&amp#27;[32m&amp#27;[1m300&amp#27;[0m                                             &amp#27;[90m# com.fusion.facade.steps.FusionSteps.verifierAssurance(int)&amp#27;[0m
  &amp#27;[32mAnd &amp#27;[0m&amp#27;[32mle message fusionné contient &amp#27;[0m&amp#27;[32m&amp#27;[1m"Batman"&amp#27;[0m&amp#27;[32m et &amp#27;[0m&amp#27;[32m&amp#27;[1m"BAT-001"&amp#27;[0m                             &amp#27;[90m# com.fusion.facade.steps.FusionSteps.verifierMessage(java.lang.String,java.lang.String)&amp#27;[0m
]]></system-out>
  </testcase>
  <testcase name="Example #1.1" classname="Examples" time="0.003">
    <system-out><![CDATA[
Scenario Outline: Réutiliser la façade pour plusieurs héros et missions                       &amp#27;[90m# features/FusionFacade.feature:27&amp#27;[0m
  &amp#27;[32mGiven &amp#27;[0m&amp#27;[32mun super héros &amp#27;[0m&amp#27;[32m&amp#27;[1m"Batman"&amp#27;[0m&amp#27;[32m avec le pouvoir &amp#27;[0m&amp#27;[32m&amp#27;[1m"protège Gotham"&amp#27;[0m&amp#27;[32m dans l'univers &amp#27;[0m&amp#27;[32m&amp#27;[1m"DC"&amp#27;[0m          &amp#27;[90m# com.fusion.facade.steps.FusionSteps.creerHero(java.lang.String,java.lang.String,java.lang.String)&amp#27;[0m
  &amp#27;[32mAnd &amp#27;[0m&amp#27;[32mun véhicule magique immatriculé &amp#27;[0m&amp#27;[32m&amp#27;[1m"BAT-001"&amp#27;[0m                                               &amp#27;[90m# com.fusion.facade.steps.FusionSteps.creerVehicule(java.lang.String)&amp#27;[0m
  &amp#27;[32mGiven &amp#27;[0m&amp#27;[32mun super héros &amp#27;[0m&amp#27;[32m&amp#27;[1m"SpiderMan"&amp#27;[0m&amp#27;[32m avec le pouvoir &amp#27;[0m&amp#27;[32m&amp#27;[1m"tisse des toiles"&amp#27;[0m&amp#27;[32m dans l'univers &amp#27;[0m&amp#27;[32m&amp#27;[1m"Marvel"&amp#27;[0m &amp#27;[90m# com.fusion.facade.steps.FusionSteps.creerHero(java.lang.String,java.lang.String,java.lang.String)&amp#27;[0m
  &amp#27;[32mAnd &amp#27;[0m&amp#27;[32mun véhicule magique immatriculé &amp#27;[0m&amp#27;[32m&amp#27;[1m"WEB-777"&amp#27;[0m                                               &amp#27;[90m# com.fusion.facade.steps.FusionSteps.creerVehicule(java.lang.String)&amp#27;[0m
  &amp#27;[32mWhen &amp#27;[0m&amp#27;[32mj'associe le héros au véhicule via la façade&amp#27;[0m                                           &amp#27;[90m# com.fusion.facade.steps.FusionSteps.associerAvecFacade()&amp#27;[0m
  &amp#27;[32mAnd &amp#27;[0m&amp#27;[32mj'enregistre une mission de &amp#27;[0m&amp#27;[32m&amp#27;[1m50&amp#27;[0m&amp#27;[32m km&amp#27;[0m                                                       &amp#27;[90m# com.fusion.facade.steps.FusionSteps.enregistrerMission(int)&amp#27;[0m
  &amp#27;[32mThen &amp#27;[0m&amp#27;[32mle kilométrage du véhicule vaut &amp#27;[0m&amp#27;[32m&amp#27;[1m50&amp#27;[0m                                                     &amp#27;[90m# com.fusion.facade.steps.FusionSteps.verifierKilometrage(int)&amp#27;[0m
  &amp#27;[32mAnd &amp#27;[0m&amp#27;[32mle coût d'assurance estimé est &amp#27;[0m&amp#27;[32m&amp#27;[1m300&amp#27;[0m                                                      &amp#27;[90m# com.fusion.facade.steps.FusionSteps.verifierAssurance(int)&amp#27;[0m
]]></system-out>
  </testcase>
  <testcase name="Example #1.2" classname="Examples" time="0.002">
    <system-out><![CDATA[
Scenario Outline: Réutiliser la façade pour plusieurs héros et missions                     &amp#27;[90m# features/FusionFacade.feature:28&amp#27;[0m
  &amp#27;[32mGiven &amp#27;[0m&amp#27;[32mun super héros &amp#27;[0m&amp#27;[32m&amp#27;[1m"Batman"&amp#27;[0m&amp#27;[32m avec le pouvoir &amp#27;[0m&amp#27;[32m&amp#27;[1m"protège Gotham"&amp#27;[0m&amp#27;[32m dans l'univers &amp#27;[0m&amp#27;[32m&amp#27;[1m"DC"&amp#27;[0m        &amp#27;[90m# com.fusion.facade.steps.FusionSteps.creerHero(java.lang.String,java.lang.String,java.lang.String)&amp#27;[0m
  &amp#27;[32mAnd &amp#27;[0m&amp#27;[32mun véhicule magique immatriculé &amp#27;[0m&amp#27;[32m&amp#27;[1m"BAT-001"&amp#27;[0m                                             &amp#27;[90m# com.fusion.facade.steps.FusionSteps.creerVehicule(java.lang.String)&amp#27;[0m
  &amp#27;[32mGiven &amp#27;[0m&amp#27;[32mun super héros &amp#27;[0m&amp#27;[32m&amp#27;[1m"IronMan"&amp#27;[0m&amp#27;[32m avec le pouvoir &amp#27;[0m&amp#27;[32m&amp#27;[1m"armure high-tech"&amp#27;[0m&amp#27;[32m dans l'univers &amp#27;[0m&amp#27;[32m&amp#27;[1m"Marvel"&amp#27;[0m &amp#27;[90m# com.fusion.facade.steps.FusionSteps.creerHero(java.lang.String,java.lang.String,java.lang.String)&amp#27;[0m
  &amp#27;[32mAnd &amp#27;[0m&amp#27;[32mun véhicule magique immatriculé &amp#27;[0m&amp#27;[32m&amp#27;[1m"IRN-999"&amp#27;[0m                                             &amp#27;[90m# com.fusion.facade.steps.FusionSteps.creerVehicule(java.lang.String)&amp#27;[0m
  &amp#27;[32mWhen &amp#27;[0m&amp#27;[32mj'associe le héros au véhicule via la façade&amp#27;[0m                                         &amp#27;[90m# com.fusion.facade.steps.FusionSteps.associerAvecFacade()&amp#27;[0m
  &amp#27;[32mAnd &amp#27;[0m&amp#27;[32mj'enregistre une mission de &amp#27;[0m&amp#27;[32m&amp#27;[1m999&amp#27;[0m&amp#27;[32m km&amp#27;[0m                                                    &amp#27;[90m# com.fusion.facade.steps.FusionSteps.enregistrerMission(int)&amp#27;[0m
  &amp#27;[32mThen &amp#27;[0m&amp#27;[32mle kilométrage du véhicule vaut &amp#27;[0m&amp#27;[32m&amp#27;[1m999&amp#27;[0m                                                  &amp#27;[90m# com.fusion.facade.steps.FusionSteps.verifierKilometrage(int)&amp#27;[0m
  &amp#27;[32mAnd &amp#27;[0m&amp#27;[32mle coût d'assurance estimé est &amp#27;[0m&amp#27;[32m&amp#27;[1m300&amp#27;[0m                                                    &amp#27;[90m# com.fusion.facade.steps.FusionSteps.verifierAssurance(int)&amp#27;[0m
]]></system-out>
  </testcase>
  <testcase name="Example #1.3" classname="Examples" time="0.003">
    <system-out><![CDATA[
Scenario Outline: Réutiliser la façade pour plusieurs héros et missions              &amp#27;[90m# features/FusionFacade.feature:29&amp#27;[0m
  &amp#27;[32mGiven &amp#27;[0m&amp#27;[32mun super héros &amp#27;[0m&amp#27;[32m&amp#27;[1m"Batman"&amp#27;[0m&amp#27;[32m avec le pouvoir &amp#27;[0m&amp#27;[32m&amp#27;[1m"protège Gotham"&amp#27;[0m&amp#27;[32m dans l'univers &amp#27;[0m&amp#27;[32m&amp#27;[1m"DC"&amp#27;[0m &amp#27;[90m# com.fusion.facade.steps.FusionSteps.creerHero(java.lang.String,java.lang.String,java.lang.String)&amp#27;[0m
  &amp#27;[32mAnd &amp#27;[0m&amp#27;[32mun véhicule magique immatriculé &amp#27;[0m&amp#27;[32m&amp#27;[1m"BAT-001"&amp#27;[0m                                      &amp#27;[90m# com.fusion.facade.steps.FusionSteps.creerVehicule(java.lang.String)&amp#27;[0m
  &amp#27;[32mGiven &amp#27;[0m&amp#27;[32mun super héros &amp#27;[0m&amp#27;[32m&amp#27;[1m"Flash"&amp#27;[0m&amp#27;[32m avec le pouvoir &amp#27;[0m&amp#27;[32m&amp#27;[1m"super vitesse"&amp#27;[0m&amp#27;[32m dans l'univers &amp#27;[0m&amp#27;[32m&amp#27;[1m"DC"&amp#27;[0m   &amp#27;[90m# com.fusion.facade.steps.FusionSteps.creerHero(java.lang.String,java.lang.String,java.lang.String)&amp#27;[0m
  &amp#27;[32mAnd &amp#27;[0m&amp#27;[32mun véhicule magique immatriculé &amp#27;[0m&amp#27;[32m&amp#27;[1m"FLS-123"&amp#27;[0m                                      &amp#27;[90m# com.fusion.facade.steps.FusionSteps.creerVehicule(java.lang.String)&amp#27;[0m
  &amp#27;[32mWhen &amp#27;[0m&amp#27;[32mj'associe le héros au véhicule via la façade&amp#27;[0m                                  &amp#27;[90m# com.fusion.facade.steps.FusionSteps.associerAvecFacade()&amp#27;[0m
  &amp#27;[32mAnd &amp#27;[0m&amp#27;[32mj'enregistre une mission de &amp#27;[0m&amp#27;[32m&amp#27;[1m1200&amp#27;[0m&amp#27;[32m km&amp#27;[0m                                            &amp#27;[90m# com.fusion.facade.steps.FusionSteps.enregistrerMission(int)&amp#27;[0m
  &amp#27;[32mThen &amp#27;[0m&amp#27;[32mle kilométrage du véhicule vaut &amp#27;[0m&amp#27;[32m&amp#27;[1m1200&amp#27;[0m                                          &amp#27;[90m# com.fusion.facade.steps.FusionSteps.verifierKilometrage(int)&amp#27;[0m
  &amp#27;[32mAnd &amp#27;[0m&amp#27;[32mle coût d'assurance estimé est &amp#27;[0m&amp#27;[32m&amp#27;[1m301&amp#27;[0m                                             &amp#27;[90m# com.fusion.facade.steps.FusionSteps.verifierAssurance(int)&amp#27;[0m
]]></system-out>
  </testcase>
</testsuite>